Arguments: 
  /home/malasa/.nvm/versions/node/v12.15.0/bin/node /usr/local/bin/yarn add express

PATH: 
  /home/malasa/.yarn/bin:/home/malasa/.nvm/versions/node/v12.15.0/bin:/home/malasa/.zinit/polaris/bin:/usr/local/sbin:/usr/local/bin:/usr/sbin:/usr/bin:/sbin:/bin:/usr/games:/usr/local/games:/snap/bin:/home/malasa/Android/Sdk/emulator:/home/malasa/Android/Sdk/tools:/home/malasa/Android/Sdk/tools/bin:/home/malasa/Android/Sdk/platform-tools:/home/malasa/android-studio/bin:/home/malasa/Android/Sdk/emulator:/home/malasa/Android/Sdk/tools:/home/malasa/Android/Sdk/tools/bin:/home/malasa/Android/Sdk/platform-tools:/home/malasa/android-studio/bin

Yarn version: 
  1.15.2

Node version: 
  12.15.0

Platform: 
  linux x64

Trace: 
  SyntaxError: /home/malasa/Área de Trabalho/Dev/Projetos/Hoola/package.json: Unexpected token } in JSON at position 181
      at JSON.parse (<anonymous>)
      at /usr/local/lib/node_modules/yarn/lib/cli.js:1625:59
      at Generator.next (<anonymous>)
      at step (/usr/local/lib/node_modules/yarn/lib/cli.js:304:30)
      at /usr/local/lib/node_modules/yarn/lib/cli.js:315:13

npm manifest: 
  {
    "name": "Hoola",
    "version": "1.0.0",
    "main": "index.js",
    "license": "MIT",
    "devDependencies": {
      "typescript": "^3.9.7"
    },
    "scripts": {
      "dev:server": ""
    },
  }

yarn manifest: 
  No manifest

Lockfile: 
  # THIS IS AN AUTOGENERATED FILE. DO NOT EDIT THIS FILE DIRECTLY.
  # yarn lockfile v1
  
  
  typescript@^3.9.7:
    version "3.9.7"
    resolved "https://registry.yarnpkg.com/typescript/-/typescript-3.9.7.tgz#98d600a5ebdc38f40cb277522f12dc800e9e25fa"
    integrity sha512-BLbiRkiBzAwsjut4x/dsibSTB6yWpwT5qWmC2OfuCg3GgVQCSgMs4vEctYPhsaGtd0AeuuHMkjZ2h2WG8MSzRw==
